<?xml version="1.0" encoding="UTF-8"?>
<coverage generated="1563475946634" clover="3.2.0">
  <project timestamp="1563475946634" name="All files">
    <metrics statements="11" coveredstatements="10" conditionals="0" coveredconditionals="0" methods="6" coveredmethods="6" elements="17" coveredelements="16" complexity="0" loc="11" ncloc="11" packages="3" files="4" classes="4">
      <package name="src">
        <metrics statements="1" coveredstatements="0" conditionals="0" coveredconditionals="0" methods="0" coveredmethods="0"/>
        <file name="index.js" path="C:\Users\saulo\repo\TDD\linda-react-testing\start\src\index.js">
          <metrics statements="1" coveredstatements="0" conditionals="0" coveredconditionals="0" methods="0" coveredmethods="0"/>
          <line num="1" count="0" type="stmt"/>
        </file>
      </package>
      <package name="src.components">
        <metrics statements="3" coveredstatements="3" conditionals="0" coveredconditionals="0" methods="2" coveredmethods="2"/>
        <file name="App.jsx" path="C:\Users\saulo\repo\TDD\linda-react-testing\start\src\components\App.jsx">
          <metrics statements="3" coveredstatements="3" conditionals="0" coveredconditionals="0" methods="2" coveredmethods="2"/>
          <line num="10" count="1" type="stmt"/>
          <line num="11" count="1" type="stmt"/>
          <line num="15" count="1" type="stmt"/>
        </file>
      </package>
      <package name="src.components.listings">
        <metrics statements="7" coveredstatements="7" conditionals="0" coveredconditionals="0" methods="4" coveredmethods="4"/>
        <file name="Grid.jsx" path="C:\Users\saulo\repo\TDD\linda-react-testing\start\src\components\listings\Grid.jsx">
          <metrics statements="4" coveredstatements="4" conditionals="0" coveredconditionals="0" methods="3" coveredmethods="3"/>
          <line num="7" count="1" type="stmt"/>
          <line num="8" count="12" type="stmt"/>
          <line num="13" count="1" type="stmt"/>
          <line num="25" count="1" type="stmt"/>
        </file>
        <file name="Single.jsx" path="C:\Users\saulo\repo\TDD\linda-react-testing\start\src\components\listings\Single.jsx">
          <metrics statements="3" coveredstatements="3" conditionals="0" coveredconditionals="0" methods="1" coveredmethods="1"/>
          <line num="4" count="1" type="stmt"/>
          <line num="5" count="12" type="stmt"/>
          <line num="32" count="1" type="stmt"/>
        </file>
      </package>
    </metrics>
  </project>
</coverage>
