{"C:\\Users\\saulo\\repo\\TDD\\linda-react-testing\\start\\src\\index.js": {"path":"C:\\Users\\saulo\\repo\\TDD\\linda-react-testing\\start\\src\\index.js","statementMap":{"0":{"start":{"line":1,"column":58},"end":{"line":1,"column":130}}},"fnMap":{},"branchMap":{},"s":{"0":0},"f":{},"b":{}}
,"C:\\Users\\saulo\\repo\\TDD\\linda-react-testing\\start\\src\\components\\App.jsx": {"path":"C:\\Users\\saulo\\repo\\TDD\\linda-react-testing\\start\\src\\components\\App.jsx","statementMap":{"0":{"start":{"line":10,"column":4},"end":{"line":10,"column":17}},"1":{"start":{"line":11,"column":4},"end":{"line":11,"column":29}},"2":{"start":{"line":15,"column":4},"end":{"line":33,"column":6}}},"fnMap":{"0":{"name":"(anonymous_0)","decl":{"start":{"line":9,"column":2},"end":{"line":9,"column":3}},"loc":{"start":{"line":9,"column":21},"end":{"line":12,"column":3}},"line":9},"1":{"name":"(anonymous_1)","decl":{"start":{"line":14,"column":2},"end":{"line":14,"column":3}},"loc":{"start":{"line":14,"column":11},"end":{"line":34,"column":3}},"line":14}},"branchMap":{},"s":{"0":1,"1":1,"2":1},"f":{"0":1,"1":1},"b":{},"_coverageSchema":"332fd63041d2c1bcb487cc26dd0d5f7d97098a6c","hash":"bfb08e561faa96d13fbf13336fec86249b2ac4ce"}
,"C:\\Users\\saulo\\repo\\TDD\\linda-react-testing\\start\\src\\components\\listings\\Grid.jsx": {"path":"C:\\Users\\saulo\\repo\\TDD\\linda-react-testing\\start\\src\\components\\listings\\Grid.jsx","statementMap":{"0":{"start":{"line":7,"column":4},"end":{"line":9,"column":7}},"1":{"start":{"line":8,"column":6},"end":{"line":8,"column":41}},"2":{"start":{"line":13,"column":4},"end":{"line":21,"column":5}},"3":{"start":{"line":25,"column":0},"end":{"line":27,"column":2}}},"fnMap":{"0":{"name":"(anonymous_0)","decl":{"start":{"line":6,"column":2},"end":{"line":6,"column":3}},"loc":{"start":{"line":6,"column":15},"end":{"line":10,"column":3}},"line":6},"1":{"name":"(anonymous_1)","decl":{"start":{"line":7,"column":32},"end":{"line":7,"column":33}},"loc":{"start":{"line":8,"column":6},"end":{"line":8,"column":41}},"line":8},"2":{"name":"(anonymous_2)","decl":{"start":{"line":12,"column":2},"end":{"line":12,"column":3}},"loc":{"start":{"line":12,"column":11},"end":{"line":22,"column":3}},"line":12}},"branchMap":{},"s":{"0":1,"1":12,"2":1,"3":1},"f":{"0":1,"1":12,"2":1},"b":{},"_coverageSchema":"332fd63041d2c1bcb487cc26dd0d5f7d97098a6c","hash":"d509f11870a501fa12717f84f60489528f4cb855"}
,"C:\\Users\\saulo\\repo\\TDD\\linda-react-testing\\start\\src\\components\\listings\\Single.jsx": {"path":"C:\\Users\\saulo\\repo\\TDD\\linda-react-testing\\start\\src\\components\\listings\\Single.jsx","statementMap":{"0":{"start":{"line":4,"column":15},"end":{"line":30,"column":1}},"1":{"start":{"line":5,"column":2},"end":{"line":29,"column":4}},"2":{"start":{"line":32,"column":0},"end":{"line":34,"column":2}}},"fnMap":{"0":{"name":"(anonymous_0)","decl":{"start":{"line":4,"column":15},"end":{"line":4,"column":16}},"loc":{"start":{"line":4,"column":27},"end":{"line":30,"column":1}},"line":4}},"branchMap":{},"s":{"0":1,"1":12,"2":1},"f":{"0":12},"b":{},"_coverageSchema":"332fd63041d2c1bcb487cc26dd0d5f7d97098a6c","hash":"c28dba580ead54a01abdcba297ac056b80af512c"}
}
